2024-08-29  8:52:08 0 [Note] Starting MariaDB 10.4.28-MariaDB source revision c8f2e9a5c0ac5905f28b050b7df5a9ffd914b7e7 as process 15780
2024-08-29  8:52:08 0 [Note] InnoDB: Mutexes and rw_locks use Windows interlocked functions
2024-08-29  8:52:08 0 [Note] InnoDB: Uses event mutexes
2024-08-29  8:52:08 0 [Note] InnoDB: Compressed tables use zlib 1.2.12
2024-08-29  8:52:08 0 [Note] InnoDB: Number of pools: 1
2024-08-29  8:52:08 0 [Note] InnoDB: Using SSE2 crc32 instructions
2024-08-29  8:52:08 0 [Note] InnoDB: Initializing buffer pool, total size = 16M, instances = 1, chunk size = 16M
2024-08-29  8:52:08 0 [Note] InnoDB: Completed initialization of buffer pool
2024-08-29  8:52:08 0 [Note] InnoDB: Starting crash recovery from checkpoint LSN=300288
2024-08-29  8:52:08 0 [Note] InnoDB: 128 out of 128 rollback segments are active.
2024-08-29  8:52:08 0 [Note] InnoDB: Removed temporary tablespace data file: "ibtmp1"
2024-08-29  8:52:08 0 [Note] InnoDB: Creating shared tablespace for temporary tables
2024-08-29  8:52:08 0 [Note] InnoDB: Setting file 'D:\MIS PROJECT\XAMPP\mysql\data\ibtmp1' size to 12 MB. Physically writing the file full; Please wait ...
2024-08-29  8:52:08 0 [Note] InnoDB: File 'D:\MIS PROJECT\XAMPP\mysql\data\ibtmp1' size is now 12 MB.
2024-08-29  8:52:08 0 [Note] InnoDB: Waiting for purge to start
2024-08-29  8:52:08 0 [Note] InnoDB: 10.4.28 started; log sequence number 300297; transaction id 170
2024-08-29  8:52:08 0 [Note] InnoDB: Loading buffer pool(s) from D:\MIS PROJECT\XAMPP\mysql\data\ib_buffer_pool
2024-08-29  8:52:08 0 [Note] Plugin 'FEEDBACK' is disabled.
2024-08-29  8:52:08 0 [Note] Server socket created on IP: '::'.
2024-08-29 13:31:07 0 [Note] Starting MariaDB 10.4.28-MariaDB source revision c8f2e9a5c0ac5905f28b050b7df5a9ffd914b7e7 as process 14844
2024-08-29 13:31:07 0 [Note] InnoDB: Mutexes and rw_locks use Windows interlocked functions
2024-08-29 13:31:07 0 [Note] InnoDB: Uses event mutexes
2024-08-29 13:31:07 0 [Note] InnoDB: Compressed tables use zlib 1.2.12
2024-08-29 13:31:07 0 [Note] InnoDB: Number of pools: 1
2024-08-29 13:31:07 0 [Note] InnoDB: Using SSE2 crc32 instructions
2024-08-29 13:31:07 0 [Note] InnoDB: Initializing buffer pool, total size = 16M, instances = 1, chunk size = 16M
2024-08-29 13:31:07 0 [Note] InnoDB: Completed initialization of buffer pool
2024-08-29 13:31:07 0 [Note] InnoDB: Starting crash recovery from checkpoint LSN=41560205
2024-08-29 13:31:08 0 [Note] InnoDB: 128 out of 128 rollback segments are active.
2024-08-29 13:31:08 0 [Note] InnoDB: Removed temporary tablespace data file: "ibtmp1"
2024-08-29 13:31:08 0 [Note] InnoDB: Creating shared tablespace for temporary tables
2024-08-29 13:31:08 0 [Note] InnoDB: Setting file 'D:\MIS PROJECT\XAMPP\mysql\data\ibtmp1' size to 12 MB. Physically writing the file full; Please wait ...
2024-08-29 13:31:08 0 [Note] InnoDB: File 'D:\MIS PROJECT\XAMPP\mysql\data\ibtmp1' size is now 12 MB.
2024-08-29 13:31:08 0 [Note] InnoDB: Waiting for purge to start
2024-08-29 13:31:08 0 [Note] InnoDB: 10.4.28 started; log sequence number 41560214; transaction id 22937
2024-08-29 13:31:08 0 [Note] InnoDB: Loading buffer pool(s) from D:\MIS PROJECT\XAMPP\mysql\data\ib_buffer_pool
2024-08-29 13:31:08 0 [Note] Plugin 'FEEDBACK' is disabled.
2024-08-29 13:31:08 0 [Note] InnoDB: Buffer pool(s) load completed at 240829 13:31:08
2024-08-29 13:31:08 0 [Note] Server socket created on IP: '::'.
2024-08-29 15:17:06 0 [Note] Starting MariaDB 10.4.28-MariaDB source revision c8f2e9a5c0ac5905f28b050b7df5a9ffd914b7e7 as process 5096
Cannot find checkpoint record at LSN (1,0x5842)
2024-08-29 15:17:06 0 [ERROR] mysqld.exe: Aria recovery failed. Please run aria_chk -r on all Aria tables and delete all aria_log.######## files
2024-08-29 15:17:06 0 [ERROR] Plugin 'Aria' init function returned error.
2024-08-29 15:17:06 0 [ERROR] Plugin 'Aria' registration as a STORAGE ENGINE failed.
2024-08-29 15:17:06 0 [Note] InnoDB: Mutexes and rw_locks use Windows interlocked functions
2024-08-29 15:17:06 0 [Note] InnoDB: Uses event mutexes
2024-08-29 15:17:06 0 [Note] InnoDB: Compressed tables use zlib 1.2.12
2024-08-29 15:17:06 0 [Note] InnoDB: Number of pools: 1
2024-08-29 15:17:06 0 [Note] InnoDB: Using SSE2 crc32 instructions
2024-08-29 15:17:06 0 [Note] InnoDB: Initializing buffer pool, total size = 16M, instances = 1, chunk size = 16M
2024-08-29 15:17:06 0 [Note] InnoDB: Completed initialization of buffer pool
2024-08-29 15:17:06 0 [Note] InnoDB: Starting crash recovery from checkpoint LSN=52733625
2024-08-29 15:17:06 0 [Note] InnoDB: Starting final batch to recover 4 pages from redo log.
2024-08-29 15:17:08 0 [Note] InnoDB: 128 out of 128 rollback segments are active.
2024-08-29 15:17:08 0 [Note] InnoDB: Removed temporary tablespace data file: "ibtmp1"
2024-08-29 15:17:08 0 [Note] InnoDB: Creating shared tablespace for temporary tables
2024-08-29 15:17:08 0 [Note] InnoDB: Setting file 'D:\MIS PROJECT\XAMPP\mysql\data\ibtmp1' size to 12 MB. Physically writing the file full; Please wait ...
2024-08-29 15:17:08 0 [Note] InnoDB: File 'D:\MIS PROJECT\XAMPP\mysql\data\ibtmp1' size is now 12 MB.
2024-08-29 15:17:08 0 [Note] InnoDB: Waiting for purge to start
2024-08-29 15:17:08 0 [Note] InnoDB: 10.4.28 started; log sequence number 52733724; transaction id 29472
2024-08-29 15:17:08 0 [Note] InnoDB: Loading buffer pool(s) from D:\MIS PROJECT\XAMPP\mysql\data\ib_buffer_pool
2024-08-29 15:17:08 0 [Note] Plugin 'FEEDBACK' is disabled.
2024-08-29 15:17:08 0 [ERROR] Could not open mysql.plugin table. Some plugins may be not loaded
2024-08-29 15:17:08 0 [ERROR] Failed to initialize plugins.
2024-08-29 15:17:08 0 [ERROR] Aborting
2024-08-29 15:17:13 0 [Note] Starting MariaDB 10.4.28-MariaDB source revision c8f2e9a5c0ac5905f28b050b7df5a9ffd914b7e7 as process 12756
Cannot find checkpoint record at LSN (1,0x5842)
2024-08-29 15:17:13 0 [ERROR] mysqld.exe: Aria recovery failed. Please run aria_chk -r on all Aria tables and delete all aria_log.######## files
2024-08-29 15:17:13 0 [ERROR] Plugin 'Aria' init function returned error.
2024-08-29 15:17:13 0 [ERROR] Plugin 'Aria' registration as a STORAGE ENGINE failed.
2024-08-29 15:17:13 0 [Note] InnoDB: Mutexes and rw_locks use Windows interlocked functions
2024-08-29 15:17:13 0 [Note] InnoDB: Uses event mutexes
2024-08-29 15:17:13 0 [Note] InnoDB: Compressed tables use zlib 1.2.12
2024-08-29 15:17:13 0 [Note] InnoDB: Number of pools: 1
2024-08-29 15:17:13 0 [Note] InnoDB: Using SSE2 crc32 instructions
2024-08-29 15:17:13 0 [Note] InnoDB: Initializing buffer pool, total size = 16M, instances = 1, chunk size = 16M
2024-08-29 15:17:13 0 [Note] InnoDB: Completed initialization of buffer pool
2024-08-29 15:17:13 0 [Note] InnoDB: 128 out of 128 rollback segments are active.
2024-08-29 15:17:13 0 [Note] InnoDB: Creating shared tablespace for temporary tables
2024-08-29 15:17:13 0 [Note] InnoDB: Setting file 'D:\MIS PROJECT\XAMPP\mysql\data\ibtmp1' size to 12 MB. Physically writing the file full; Please wait ...
2024-08-29 15:17:13 0 [Note] InnoDB: File 'D:\MIS PROJECT\XAMPP\mysql\data\ibtmp1' size is now 12 MB.
2024-08-29 15:17:13 0 [Note] InnoDB: Waiting for purge to start
2024-08-29 15:17:13 0 [Note] InnoDB: 10.4.28 started; log sequence number 52733922; transaction id 29472
2024-08-29 15:17:13 0 [Note] InnoDB: Loading buffer pool(s) from D:\MIS PROJECT\XAMPP\mysql\data\ib_buffer_pool
2024-08-29 15:17:13 0 [Note] Plugin 'FEEDBACK' is disabled.
2024-08-29 15:17:13 0 [Note] InnoDB: Buffer pool(s) load completed at 240829 15:17:13
2024-08-29 15:17:13 0 [ERROR] Could not open mysql.plugin table. Some plugins may be not loaded
2024-08-29 15:17:13 0 [ERROR] Failed to initialize plugins.
2024-08-29 15:17:13 0 [ERROR] Aborting
2024-08-29 15:17:16 0 [Note] Starting MariaDB 10.4.28-MariaDB source revision c8f2e9a5c0ac5905f28b050b7df5a9ffd914b7e7 as process 15852
Cannot find checkpoint record at LSN (1,0x5842)
2024-08-29 15:17:16 0 [ERROR] mysqld.exe: Aria recovery failed. Please run aria_chk -r on all Aria tables and delete all aria_log.######## files
2024-08-29 15:17:16 0 [ERROR] Plugin 'Aria' init function returned error.
2024-08-29 15:17:16 0 [ERROR] Plugin 'Aria' registration as a STORAGE ENGINE failed.
2024-08-29 15:17:16 0 [Note] InnoDB: Mutexes and rw_locks use Windows interlocked functions
2024-08-29 15:17:16 0 [Note] InnoDB: Uses event mutexes
2024-08-29 15:17:16 0 [Note] InnoDB: Compressed tables use zlib 1.2.12
2024-08-29 15:17:16 0 [Note] InnoDB: Number of pools: 1
2024-08-29 15:17:16 0 [Note] InnoDB: Using SSE2 crc32 instructions
2024-08-29 15:17:16 0 [Note] InnoDB: Initializing buffer pool, total size = 16M, instances = 1, chunk size = 16M
2024-08-29 15:17:16 0 [Note] InnoDB: Completed initialization of buffer pool
2024-08-29 15:17:16 0 [Note] InnoDB: 128 out of 128 rollback segments are active.
2024-08-29 15:17:16 0 [Note] InnoDB: Creating shared tablespace for temporary tables
2024-08-29 15:17:16 0 [Note] InnoDB: Setting file 'D:\MIS PROJECT\XAMPP\mysql\data\ibtmp1' size to 12 MB. Physically writing the file full; Please wait ...
2024-08-29 15:17:16 0 [Note] InnoDB: File 'D:\MIS PROJECT\XAMPP\mysql\data\ibtmp1' size is now 12 MB.
2024-08-29 15:17:16 0 [Note] InnoDB: Waiting for purge to start
2024-08-29 15:17:16 0 [Note] InnoDB: 10.4.28 started; log sequence number 52733931; transaction id 29472
2024-08-29 15:17:16 0 [Note] InnoDB: Loading buffer pool(s) from D:\MIS PROJECT\XAMPP\mysql\data\ib_buffer_pool
2024-08-29 15:17:16 0 [Note] Plugin 'FEEDBACK' is disabled.
2024-08-29 15:17:16 0 [Note] InnoDB: Buffer pool(s) load completed at 240829 15:17:16
2024-08-29 15:17:16 0 [ERROR] Could not open mysql.plugin table. Some plugins may be not loaded
2024-08-29 15:17:16 0 [ERROR] Failed to initialize plugins.
2024-08-29 15:17:16 0 [ERROR] Aborting
